{"/Users/arsimsejdiu/Documents/React Projects/React automation  testing/javascript-testing/src/core.js": {"path":"/Users/arsimsejdiu/Documents/React Projects/React automation  testing/javascript-testing/src/core.js","all":false,"statementMap":{"0":{"start":{"line":1,"column":0},"end":{"line":1,"column":36}},"1":{"start":{"line":2,"column":0},"end":{"line":2,"column":30}},"2":{"start":{"line":3,"column":0},"end":{"line":3,"column":10}},"3":{"start":{"line":4,"column":0},"end":{"line":4,"column":41}},"4":{"start":{"line":5,"column":0},"end":{"line":5,"column":45}},"5":{"start":{"line":6,"column":0},"end":{"line":6,"column":4}},"6":{"start":{"line":7,"column":0},"end":{"line":7,"column":1}},"7":{"start":{"line":8,"column":0},"end":{"line":8,"column":0}},"8":{"start":{"line":9,"column":0},"end":{"line":9,"column":40}},"9":{"start":{"line":10,"column":0},"end":{"line":10,"column":56}},"10":{"start":{"line":11,"column":0},"end":{"line":11,"column":48}},"11":{"start":{"line":12,"column":0},"end":{"line":12,"column":27}},"12":{"start":{"line":13,"column":0},"end":{"line":13,"column":3}},"13":{"start":{"line":14,"column":0},"end":{"line":14,"column":0}},"14":{"start":{"line":15,"column":0},"end":{"line":15,"column":41}},"15":{"start":{"line":16,"column":0},"end":{"line":16,"column":35}},"16":{"start":{"line":17,"column":0},"end":{"line":17,"column":3}},"17":{"start":{"line":18,"column":0},"end":{"line":18,"column":0}},"18":{"start":{"line":19,"column":0},"end":{"line":19,"column":19}},"19":{"start":{"line":20,"column":0},"end":{"line":20,"column":34}},"20":{"start":{"line":21,"column":0},"end":{"line":21,"column":19}},"21":{"start":{"line":22,"column":0},"end":{"line":22,"column":41}},"22":{"start":{"line":23,"column":0},"end":{"line":23,"column":19}},"23":{"start":{"line":24,"column":0},"end":{"line":24,"column":3}},"24":{"start":{"line":25,"column":0},"end":{"line":25,"column":0}},"25":{"start":{"line":26,"column":0},"end":{"line":26,"column":34}},"26":{"start":{"line":27,"column":0},"end":{"line":27,"column":1}},"27":{"start":{"line":28,"column":0},"end":{"line":28,"column":0}},"28":{"start":{"line":29,"column":0},"end":{"line":29,"column":42}},"29":{"start":{"line":30,"column":0},"end":{"line":30,"column":50}},"30":{"start":{"line":31,"column":0},"end":{"line":31,"column":18}},"31":{"start":{"line":32,"column":0},"end":{"line":32,"column":0}},"32":{"start":{"line":33,"column":0},"end":{"line":33,"column":60}},"33":{"start":{"line":34,"column":0},"end":{"line":34,"column":36}},"34":{"start":{"line":35,"column":0},"end":{"line":35,"column":3}},"35":{"start":{"line":36,"column":0},"end":{"line":36,"column":0}},"36":{"start":{"line":37,"column":0},"end":{"line":37,"column":44}},"37":{"start":{"line":38,"column":0},"end":{"line":38,"column":31}},"38":{"start":{"line":39,"column":0},"end":{"line":39,"column":3}},"39":{"start":{"line":40,"column":0},"end":{"line":40,"column":0}},"40":{"start":{"line":41,"column":0},"end":{"line":41,"column":75}},"41":{"start":{"line":42,"column":0},"end":{"line":42,"column":1}},"42":{"start":{"line":43,"column":0},"end":{"line":43,"column":0}},"43":{"start":{"line":44,"column":0},"end":{"line":44,"column":27}},"44":{"start":{"line":45,"column":0},"end":{"line":45,"column":49}},"45":{"start":{"line":46,"column":0},"end":{"line":46,"column":38}},"46":{"start":{"line":47,"column":0},"end":{"line":47,"column":1}},"47":{"start":{"line":48,"column":0},"end":{"line":48,"column":0}},"48":{"start":{"line":49,"column":0},"end":{"line":49,"column":29}},"49":{"start":{"line":50,"column":0},"end":{"line":50,"column":43}},"50":{"start":{"line":51,"column":0},"end":{"line":51,"column":22}},"51":{"start":{"line":52,"column":0},"end":{"line":52,"column":23}},"52":{"start":{"line":53,"column":0},"end":{"line":53,"column":0}},"53":{"start":{"line":54,"column":0},"end":{"line":54,"column":70}},"54":{"start":{"line":55,"column":0},"end":{"line":55,"column":1}},"55":{"start":{"line":56,"column":0},"end":{"line":56,"column":0}},"56":{"start":{"line":57,"column":0},"end":{"line":57,"column":29}},"57":{"start":{"line":58,"column":0},"end":{"line":58,"column":44}},"58":{"start":{"line":59,"column":0},"end":{"line":59,"column":27}},"59":{"start":{"line":60,"column":0},"end":{"line":60,"column":11}},"60":{"start":{"line":61,"column":0},"end":{"line":61,"column":11}},"61":{"start":{"line":62,"column":0},"end":{"line":62,"column":4}},"62":{"start":{"line":63,"column":0},"end":{"line":63,"column":0}},"63":{"start":{"line":64,"column":0},"end":{"line":64,"column":38}},"64":{"start":{"line":65,"column":0},"end":{"line":65,"column":34}},"65":{"start":{"line":66,"column":0},"end":{"line":66,"column":3}},"66":{"start":{"line":67,"column":0},"end":{"line":67,"column":0}},"67":{"start":{"line":68,"column":0},"end":{"line":68,"column":45}},"68":{"start":{"line":69,"column":0},"end":{"line":69,"column":1}},"69":{"start":{"line":70,"column":0},"end":{"line":70,"column":0}},"70":{"start":{"line":71,"column":0},"end":{"line":71,"column":36}},"71":{"start":{"line":72,"column":0},"end":{"line":72,"column":29}},"72":{"start":{"line":73,"column":0},"end":{"line":73,"column":35}},"73":{"start":{"line":74,"column":0},"end":{"line":74,"column":22}},"74":{"start":{"line":75,"column":0},"end":{"line":75,"column":29}},"75":{"start":{"line":76,"column":0},"end":{"line":76,"column":20}},"76":{"start":{"line":77,"column":0},"end":{"line":77,"column":7}},"77":{"start":{"line":78,"column":0},"end":{"line":78,"column":5}},"78":{"start":{"line":79,"column":0},"end":{"line":79,"column":1}},"79":{"start":{"line":80,"column":0},"end":{"line":80,"column":0}},"80":{"start":{"line":81,"column":0},"end":{"line":81,"column":29}},"81":{"start":{"line":82,"column":0},"end":{"line":82,"column":20}},"82":{"start":{"line":83,"column":0},"end":{"line":83,"column":17}},"83":{"start":{"line":84,"column":0},"end":{"line":84,"column":20}},"84":{"start":{"line":85,"column":0},"end":{"line":85,"column":3}},"85":{"start":{"line":86,"column":0},"end":{"line":86,"column":0}},"86":{"start":{"line":87,"column":0},"end":{"line":87,"column":14}},"87":{"start":{"line":88,"column":0},"end":{"line":88,"column":26}},"88":{"start":{"line":89,"column":0},"end":{"line":89,"column":3}},"89":{"start":{"line":90,"column":0},"end":{"line":90,"column":0}},"90":{"start":{"line":91,"column":0},"end":{"line":91,"column":9}},"91":{"start":{"line":92,"column":0},"end":{"line":92,"column":25}},"92":{"start":{"line":93,"column":0},"end":{"line":93,"column":40}},"93":{"start":{"line":94,"column":0},"end":{"line":94,"column":5}},"94":{"start":{"line":95,"column":0},"end":{"line":95,"column":28}},"95":{"start":{"line":96,"column":0},"end":{"line":96,"column":3}},"96":{"start":{"line":97,"column":0},"end":{"line":97,"column":0}},"97":{"start":{"line":98,"column":0},"end":{"line":98,"column":10}},"98":{"start":{"line":99,"column":0},"end":{"line":99,"column":25}},"99":{"start":{"line":100,"column":0},"end":{"line":100,"column":40}},"100":{"start":{"line":101,"column":0},"end":{"line":101,"column":5}},"101":{"start":{"line":102,"column":0},"end":{"line":102,"column":45}},"102":{"start":{"line":103,"column":0},"end":{"line":103,"column":3}},"103":{"start":{"line":104,"column":0},"end":{"line":104,"column":0}},"104":{"start":{"line":105,"column":0},"end":{"line":105,"column":13}},"105":{"start":{"line":106,"column":0},"end":{"line":106,"column":35}},"106":{"start":{"line":107,"column":0},"end":{"line":107,"column":3}},"107":{"start":{"line":108,"column":0},"end":{"line":108,"column":0}},"108":{"start":{"line":109,"column":0},"end":{"line":109,"column":10}},"109":{"start":{"line":110,"column":0},"end":{"line":110,"column":29}},"110":{"start":{"line":111,"column":0},"end":{"line":111,"column":3}},"111":{"start":{"line":112,"column":0},"end":{"line":112,"column":0}},"112":{"start":{"line":113,"column":0},"end":{"line":113,"column":11}},"113":{"start":{"line":114,"column":0},"end":{"line":114,"column":20}},"114":{"start":{"line":115,"column":0},"end":{"line":115,"column":3}},"115":{"start":{"line":116,"column":0},"end":{"line":116,"column":1}},"116":{"start":{"line":117,"column":0},"end":{"line":117,"column":0}},"117":{"start":{"line":118,"column":0},"end":{"line":118,"column":23}},"118":{"start":{"line":119,"column":0},"end":{"line":119,"column":40}},"119":{"start":{"line":120,"column":0},"end":{"line":120,"column":20}},"120":{"start":{"line":121,"column":0},"end":{"line":121,"column":12}},"121":{"start":{"line":122,"column":0},"end":{"line":122,"column":21}},"122":{"start":{"line":123,"column":0},"end":{"line":123,"column":66}},"123":{"start":{"line":124,"column":0},"end":{"line":124,"column":6}},"124":{"start":{"line":125,"column":0},"end":{"line":125,"column":0}},"125":{"start":{"line":126,"column":0},"end":{"line":126,"column":25}},"126":{"start":{"line":127,"column":0},"end":{"line":127,"column":12}},"127":{"start":{"line":128,"column":0},"end":{"line":128,"column":21}},"128":{"start":{"line":129,"column":0},"end":{"line":129,"column":68}},"129":{"start":{"line":130,"column":0},"end":{"line":130,"column":6}},"130":{"start":{"line":131,"column":0},"end":{"line":131,"column":0}},"131":{"start":{"line":132,"column":0},"end":{"line":132,"column":74}},"132":{"start":{"line":133,"column":0},"end":{"line":133,"column":1}},"133":{"start":{"line":134,"column":0},"end":{"line":134,"column":0}},"134":{"start":{"line":135,"column":0},"end":{"line":135,"column":44}},"135":{"start":{"line":136,"column":0},"end":{"line":136,"column":60}},"136":{"start":{"line":137,"column":0},"end":{"line":137,"column":28}},"137":{"start":{"line":138,"column":0},"end":{"line":138,"column":17}},"138":{"start":{"line":139,"column":0},"end":{"line":139,"column":3}},"139":{"start":{"line":140,"column":0},"end":{"line":140,"column":0}},"140":{"start":{"line":141,"column":0},"end":{"line":141,"column":65}},"141":{"start":{"line":142,"column":0},"end":{"line":142,"column":32}},"142":{"start":{"line":143,"column":0},"end":{"line":143,"column":17}},"143":{"start":{"line":144,"column":0},"end":{"line":144,"column":3}},"144":{"start":{"line":145,"column":0},"end":{"line":145,"column":0}},"145":{"start":{"line":146,"column":0},"end":{"line":146,"column":65}},"146":{"start":{"line":147,"column":0},"end":{"line":147,"column":32}},"147":{"start":{"line":148,"column":0},"end":{"line":148,"column":17}},"148":{"start":{"line":149,"column":0},"end":{"line":149,"column":3}},"149":{"start":{"line":150,"column":0},"end":{"line":150,"column":0}},"150":{"start":{"line":151,"column":0},"end":{"line":151,"column":63}},"151":{"start":{"line":152,"column":0},"end":{"line":152,"column":29}},"152":{"start":{"line":153,"column":0},"end":{"line":153,"column":17}},"153":{"start":{"line":154,"column":0},"end":{"line":154,"column":3}},"154":{"start":{"line":155,"column":0},"end":{"line":155,"column":0}},"155":{"start":{"line":156,"column":0},"end":{"line":156,"column":58}},"156":{"start":{"line":157,"column":0},"end":{"line":157,"column":14}},"157":{"start":{"line":158,"column":0},"end":{"line":158,"column":1}}},"s":{"0":1,"1":1,"2":3,"3":3,"4":3,"5":3,"6":3,"7":1,"8":1,"9":1,"10":6,"11":2,"12":2,"13":4,"14":6,"15":1,"16":1,"17":3,"18":3,"19":6,"20":1,"21":6,"22":1,"23":1,"24":3,"25":3,"26":3,"27":1,"28":1,"29":1,"30":9,"31":9,"32":9,"33":5,"34":5,"35":9,"36":9,"37":4,"38":4,"39":9,"40":9,"41":9,"42":1,"43":1,"44":1,"45":5,"46":5,"47":1,"48":1,"49":1,"50":6,"51":6,"52":6,"53":6,"54":6,"55":1,"56":1,"57":1,"58":7,"59":7,"60":7,"61":7,"62":7,"63":7,"64":1,"65":1,"66":6,"67":6,"68":6,"69":1,"70":1,"71":1,"72":1,"73":1,"74":1,"75":1,"76":1,"77":1,"78":1,"79":1,"80":1,"81":1,"82":1,"83":3,"84":3,"85":1,"86":1,"87":3,"88":3,"89":1,"90":1,"91":2,"92":1,"93":1,"94":1,"95":2,"96":1,"97":1,"98":0,"99":0,"100":0,"101":0,"102":0,"103":1,"104":1,"105":2,"106":2,"107":1,"108":1,"109":2,"110":2,"111":1,"112":1,"113":0,"114":0,"115":1,"116":1,"117":1,"118":1,"119":0,"120":0,"121":0,"122":0,"123":0,"124":0,"125":0,"126":0,"127":0,"128":0,"129":0,"130":0,"131":0,"132":0,"133":1,"134":1,"135":0,"136":0,"137":0,"138":0,"139":0,"140":0,"141":0,"142":0,"143":0,"144":0,"145":0,"146":0,"147":0,"148":0,"149":0,"150":0,"151":0,"152":0,"153":0,"154":0,"155":0,"156":0,"157":0},"branchMap":{"0":{"type":"branch","line":2,"loc":{"start":{"line":2,"column":7},"end":{"line":7,"column":1}},"locations":[{"start":{"line":2,"column":7},"end":{"line":7,"column":1}}]},"1":{"type":"branch","line":10,"loc":{"start":{"line":10,"column":7},"end":{"line":27,"column":1}},"locations":[{"start":{"line":10,"column":7},"end":{"line":27,"column":1}}]},"2":{"type":"branch","line":11,"loc":{"start":{"line":11,"column":32},"end":{"line":11,"column":45}},"locations":[{"start":{"line":11,"column":32},"end":{"line":11,"column":45}}]},"3":{"type":"branch","line":11,"loc":{"start":{"line":11,"column":47},"end":{"line":13,"column":3}},"locations":[{"start":{"line":11,"column":47},"end":{"line":13,"column":3}}]},"4":{"type":"branch","line":14,"loc":{"start":{"line":14,"column":-1},"end":{"line":15,"column":40}},"locations":[{"start":{"line":14,"column":-1},"end":{"line":15,"column":40}}]},"5":{"type":"branch","line":15,"loc":{"start":{"line":15,"column":40},"end":{"line":17,"column":3}},"locations":[{"start":{"line":15,"column":40},"end":{"line":17,"column":3}}]},"6":{"type":"branch","line":18,"loc":{"start":{"line":18,"column":-1},"end":{"line":20,"column":33}},"locations":[{"start":{"line":18,"column":-1},"end":{"line":20,"column":33}}]},"7":{"type":"branch","line":20,"loc":{"start":{"line":20,"column":33},"end":{"line":22,"column":3}},"locations":[{"start":{"line":20,"column":33},"end":{"line":22,"column":3}}]},"8":{"type":"branch","line":22,"loc":{"start":{"line":22,"column":3},"end":{"line":24,"column":3}},"locations":[{"start":{"line":22,"column":3},"end":{"line":24,"column":3}}]},"9":{"type":"branch","line":22,"loc":{"start":{"line":22,"column":40},"end":{"line":24,"column":3}},"locations":[{"start":{"line":22,"column":40},"end":{"line":24,"column":3}}]},"10":{"type":"branch","line":25,"loc":{"start":{"line":25,"column":-1},"end":{"line":27,"column":1}},"locations":[{"start":{"line":25,"column":-1},"end":{"line":27,"column":1}}]},"11":{"type":"branch","line":30,"loc":{"start":{"line":30,"column":7},"end":{"line":42,"column":1}},"locations":[{"start":{"line":30,"column":7},"end":{"line":42,"column":1}}]},"12":{"type":"branch","line":33,"loc":{"start":{"line":33,"column":35},"end":{"line":33,"column":57}},"locations":[{"start":{"line":33,"column":35},"end":{"line":33,"column":57}}]},"13":{"type":"branch","line":33,"loc":{"start":{"line":33,"column":59},"end":{"line":35,"column":3}},"locations":[{"start":{"line":33,"column":59},"end":{"line":35,"column":3}}]},"14":{"type":"branch","line":37,"loc":{"start":{"line":37,"column":30},"end":{"line":37,"column":41}},"locations":[{"start":{"line":37,"column":30},"end":{"line":37,"column":41}}]},"15":{"type":"branch","line":37,"loc":{"start":{"line":37,"column":43},"end":{"line":39,"column":3}},"locations":[{"start":{"line":37,"column":43},"end":{"line":39,"column":3}}]},"16":{"type":"branch","line":41,"loc":{"start":{"line":41,"column":29},"end":{"line":41,"column":54}},"locations":[{"start":{"line":41,"column":29},"end":{"line":41,"column":54}}]},"17":{"type":"branch","line":41,"loc":{"start":{"line":41,"column":55},"end":{"line":41,"column":74}},"locations":[{"start":{"line":41,"column":55},"end":{"line":41,"column":74}}]},"18":{"type":"branch","line":45,"loc":{"start":{"line":45,"column":7},"end":{"line":47,"column":1}},"locations":[{"start":{"line":45,"column":7},"end":{"line":47,"column":1}}]},"19":{"type":"branch","line":46,"loc":{"start":{"line":46,"column":22},"end":{"line":46,"column":37}},"locations":[{"start":{"line":46,"column":22},"end":{"line":46,"column":37}}]},"20":{"type":"branch","line":50,"loc":{"start":{"line":50,"column":7},"end":{"line":55,"column":1}},"locations":[{"start":{"line":50,"column":7},"end":{"line":55,"column":1}}]},"21":{"type":"branch","line":54,"loc":{"start":{"line":54,"column":38},"end":{"line":54,"column":69}},"locations":[{"start":{"line":54,"column":38},"end":{"line":54,"column":69}}]},"22":{"type":"branch","line":58,"loc":{"start":{"line":58,"column":7},"end":{"line":69,"column":1}},"locations":[{"start":{"line":58,"column":7},"end":{"line":69,"column":1}}]},"23":{"type":"branch","line":64,"loc":{"start":{"line":64,"column":37},"end":{"line":66,"column":3}},"locations":[{"start":{"line":64,"column":37},"end":{"line":66,"column":3}}]},"24":{"type":"branch","line":67,"loc":{"start":{"line":67,"column":-1},"end":{"line":69,"column":1}},"locations":[{"start":{"line":67,"column":-1},"end":{"line":69,"column":1}}]},"25":{"type":"branch","line":72,"loc":{"start":{"line":72,"column":7},"end":{"line":79,"column":1}},"locations":[{"start":{"line":72,"column":7},"end":{"line":79,"column":1}}]},"26":{"type":"branch","line":73,"loc":{"start":{"line":73,"column":21},"end":{"line":78,"column":3}},"locations":[{"start":{"line":73,"column":21},"end":{"line":78,"column":3}}]},"27":{"type":"branch","line":74,"loc":{"start":{"line":74,"column":15},"end":{"line":77,"column":5}},"locations":[{"start":{"line":74,"column":15},"end":{"line":77,"column":5}}]},"28":{"type":"branch","line":83,"loc":{"start":{"line":83,"column":2},"end":{"line":85,"column":3}},"locations":[{"start":{"line":83,"column":2},"end":{"line":85,"column":3}}]},"29":{"type":"branch","line":87,"loc":{"start":{"line":87,"column":2},"end":{"line":89,"column":3}},"locations":[{"start":{"line":87,"column":2},"end":{"line":89,"column":3}}]},"30":{"type":"branch","line":91,"loc":{"start":{"line":91,"column":2},"end":{"line":96,"column":3}},"locations":[{"start":{"line":91,"column":2},"end":{"line":96,"column":3}}]},"31":{"type":"branch","line":92,"loc":{"start":{"line":92,"column":24},"end":{"line":96,"column":2}},"locations":[{"start":{"line":92,"column":24},"end":{"line":96,"column":2}}]},"32":{"type":"branch","line":105,"loc":{"start":{"line":105,"column":2},"end":{"line":107,"column":3}},"locations":[{"start":{"line":105,"column":2},"end":{"line":107,"column":3}}]},"33":{"type":"branch","line":109,"loc":{"start":{"line":109,"column":2},"end":{"line":111,"column":3}},"locations":[{"start":{"line":109,"column":2},"end":{"line":111,"column":3}}]}},"b":{"0":[3],"1":[6],"2":[5],"3":[2],"4":[4],"5":[1],"6":[3],"7":[1],"8":[2],"9":[1],"10":[3],"11":[9],"12":[8],"13":[5],"14":[8],"15":[4],"16":[3],"17":[6],"18":[5],"19":[4],"20":[6],"21":[5],"22":[7],"23":[1],"24":[6],"25":[1],"26":[1],"27":[1],"28":[3],"29":[3],"30":[2],"31":[1],"32":[2],"33":[2]},"fnMap":{"0":{"name":"getCoupons","decl":{"start":{"line":2,"column":7},"end":{"line":7,"column":1}},"loc":{"start":{"line":2,"column":7},"end":{"line":7,"column":1}},"line":2},"1":{"name":"calculateDiscount","decl":{"start":{"line":10,"column":7},"end":{"line":27,"column":1}},"loc":{"start":{"line":10,"column":7},"end":{"line":27,"column":1}},"line":10},"2":{"name":"validateUserInput","decl":{"start":{"line":30,"column":7},"end":{"line":42,"column":1}},"loc":{"start":{"line":30,"column":7},"end":{"line":42,"column":1}},"line":30},"3":{"name":"isPriceInRange","decl":{"start":{"line":45,"column":7},"end":{"line":47,"column":1}},"loc":{"start":{"line":45,"column":7},"end":{"line":47,"column":1}},"line":45},"4":{"name":"isValidUsername","decl":{"start":{"line":50,"column":7},"end":{"line":55,"column":1}},"loc":{"start":{"line":50,"column":7},"end":{"line":55,"column":1}},"line":50},"5":{"name":"canDrive","decl":{"start":{"line":58,"column":7},"end":{"line":69,"column":1}},"loc":{"start":{"line":58,"column":7},"end":{"line":69,"column":1}},"line":58},"6":{"name":"fetchData","decl":{"start":{"line":72,"column":7},"end":{"line":79,"column":1}},"loc":{"start":{"line":72,"column":7},"end":{"line":79,"column":1}},"line":72},"7":{"name":"Stack","decl":{"start":{"line":83,"column":2},"end":{"line":85,"column":3}},"loc":{"start":{"line":83,"column":2},"end":{"line":85,"column":3}},"line":83},"8":{"name":"push","decl":{"start":{"line":87,"column":2},"end":{"line":89,"column":3}},"loc":{"start":{"line":87,"column":2},"end":{"line":89,"column":3}},"line":87},"9":{"name":"pop","decl":{"start":{"line":91,"column":2},"end":{"line":96,"column":3}},"loc":{"start":{"line":91,"column":2},"end":{"line":96,"column":3}},"line":91},"10":{"name":"peek","decl":{"start":{"line":98,"column":2},"end":{"line":103,"column":3}},"loc":{"start":{"line":98,"column":2},"end":{"line":103,"column":3}},"line":98},"11":{"name":"isEmpty","decl":{"start":{"line":105,"column":2},"end":{"line":107,"column":3}},"loc":{"start":{"line":105,"column":2},"end":{"line":107,"column":3}},"line":105},"12":{"name":"size","decl":{"start":{"line":109,"column":2},"end":{"line":111,"column":3}},"loc":{"start":{"line":109,"column":2},"end":{"line":111,"column":3}},"line":109},"13":{"name":"clear","decl":{"start":{"line":113,"column":2},"end":{"line":115,"column":3}},"loc":{"start":{"line":113,"column":2},"end":{"line":115,"column":3}},"line":113},"14":{"name":"createProduct","decl":{"start":{"line":119,"column":7},"end":{"line":133,"column":1}},"loc":{"start":{"line":119,"column":7},"end":{"line":133,"column":1}},"line":119},"15":{"name":"isStrongPassword","decl":{"start":{"line":135,"column":7},"end":{"line":158,"column":1}},"loc":{"start":{"line":135,"column":7},"end":{"line":158,"column":1}},"line":135}},"f":{"0":3,"1":6,"2":9,"3":5,"4":6,"5":7,"6":1,"7":3,"8":3,"9":2,"10":0,"11":2,"12":2,"13":0,"14":0,"15":0}}
,"/Users/arsimsejdiu/Documents/React Projects/React automation  testing/javascript-testing/src/exercise.js": {"path":"/Users/arsimsejdiu/Documents/React Projects/React automation  testing/javascript-testing/src/exercise.js","all":false,"statementMap":{"0":{"start":{"line":1,"column":0},"end":{"line":1,"column":43}},"1":{"start":{"line":2,"column":0},"end":{"line":2,"column":39}},"2":{"start":{"line":3,"column":0},"end":{"line":3,"column":65}},"3":{"start":{"line":4,"column":0},"end":{"line":4,"column":30}},"4":{"start":{"line":5,"column":0},"end":{"line":5,"column":1}},"5":{"start":{"line":6,"column":0},"end":{"line":6,"column":0}},"6":{"start":{"line":7,"column":0},"end":{"line":7,"column":30}},"7":{"start":{"line":8,"column":0},"end":{"line":8,"column":35}},"8":{"start":{"line":9,"column":0},"end":{"line":9,"column":30}},"9":{"start":{"line":10,"column":0},"end":{"line":10,"column":30}},"10":{"start":{"line":11,"column":0},"end":{"line":11,"column":1}}},"s":{"0":1,"1":4,"2":3,"3":3,"4":3,"5":1,"6":1,"7":12,"8":12,"9":6,"10":6},"branchMap":{"0":{"type":"branch","line":1,"loc":{"start":{"line":1,"column":7},"end":{"line":5,"column":1}},"locations":[{"start":{"line":1,"column":7},"end":{"line":5,"column":1}}]},"1":{"type":"branch","line":2,"loc":{"start":{"line":2,"column":28},"end":{"line":2,"column":39}},"locations":[{"start":{"line":2,"column":28},"end":{"line":2,"column":39}}]},"2":{"type":"branch","line":3,"loc":{"start":{"line":3,"column":-1},"end":{"line":5,"column":1}},"locations":[{"start":{"line":3,"column":-1},"end":{"line":5,"column":1}}]},"3":{"type":"branch","line":3,"loc":{"start":{"line":3,"column":29},"end":{"line":3,"column":60}},"locations":[{"start":{"line":3,"column":29},"end":{"line":3,"column":60}}]},"4":{"type":"branch","line":7,"loc":{"start":{"line":7,"column":7},"end":{"line":11,"column":1}},"locations":[{"start":{"line":7,"column":7},"end":{"line":11,"column":1}}]},"5":{"type":"branch","line":8,"loc":{"start":{"line":8,"column":14},"end":{"line":8,"column":24}},"locations":[{"start":{"line":8,"column":14},"end":{"line":8,"column":24}}]},"6":{"type":"branch","line":8,"loc":{"start":{"line":8,"column":26},"end":{"line":8,"column":35}},"locations":[{"start":{"line":8,"column":26},"end":{"line":8,"column":35}}]},"7":{"type":"branch","line":9,"loc":{"start":{"line":9,"column":-1},"end":{"line":9,"column":13}},"locations":[{"start":{"line":9,"column":-1},"end":{"line":9,"column":13}}]},"8":{"type":"branch","line":9,"loc":{"start":{"line":9,"column":13},"end":{"line":9,"column":30}},"locations":[{"start":{"line":9,"column":13},"end":{"line":9,"column":30}}]},"9":{"type":"branch","line":10,"loc":{"start":{"line":10,"column":-1},"end":{"line":11,"column":1}},"locations":[{"start":{"line":10,"column":-1},"end":{"line":11,"column":1}}]}},"b":{"0":[4],"1":[1],"2":[3],"3":[6],"4":[12],"5":[11],"6":[5],"7":[7],"8":[1],"9":[6]},"fnMap":{"0":{"name":"calculateAverage","decl":{"start":{"line":1,"column":7},"end":{"line":5,"column":1}},"loc":{"start":{"line":1,"column":7},"end":{"line":5,"column":1}},"line":1},"1":{"name":"factorial","decl":{"start":{"line":7,"column":7},"end":{"line":11,"column":1}},"loc":{"start":{"line":7,"column":7},"end":{"line":11,"column":1}},"line":7}},"f":{"0":4,"1":12}}
,"/Users/arsimsejdiu/Documents/React Projects/React automation  testing/javascript-testing/src/intro.js": {"path":"/Users/arsimsejdiu/Documents/React Projects/React automation  testing/javascript-testing/src/intro.js","all":false,"statementMap":{"0":{"start":{"line":1,"column":0},"end":{"line":1,"column":35}},"1":{"start":{"line":2,"column":0},"end":{"line":2,"column":27}},"2":{"start":{"line":3,"column":0},"end":{"line":3,"column":23}},"3":{"start":{"line":4,"column":0},"end":{"line":4,"column":1}},"4":{"start":{"line":5,"column":0},"end":{"line":5,"column":0}},"5":{"start":{"line":6,"column":0},"end":{"line":6,"column":11}},"6":{"start":{"line":7,"column":0},"end":{"line":7,"column":29}},"7":{"start":{"line":8,"column":0},"end":{"line":8,"column":52}},"8":{"start":{"line":9,"column":0},"end":{"line":9,"column":33}},"9":{"start":{"line":10,"column":0},"end":{"line":10,"column":33}},"10":{"start":{"line":11,"column":0},"end":{"line":11,"column":22}},"11":{"start":{"line":12,"column":0},"end":{"line":12,"column":1}}},"s":{"0":1,"1":1,"2":3,"3":3,"4":1,"5":1,"6":1,"7":4,"8":4,"9":4,"10":1,"11":1},"branchMap":{"0":{"type":"branch","line":2,"loc":{"start":{"line":2,"column":7},"end":{"line":4,"column":1}},"locations":[{"start":{"line":2,"column":7},"end":{"line":4,"column":1}}]},"1":{"type":"branch","line":3,"loc":{"start":{"line":3,"column":15},"end":{"line":3,"column":18}},"locations":[{"start":{"line":3,"column":15},"end":{"line":3,"column":18}}]},"2":{"type":"branch","line":3,"loc":{"start":{"line":3,"column":19},"end":{"line":3,"column":22}},"locations":[{"start":{"line":3,"column":19},"end":{"line":3,"column":22}}]},"3":{"type":"branch","line":7,"loc":{"start":{"line":7,"column":7},"end":{"line":12,"column":1}},"locations":[{"start":{"line":7,"column":7},"end":{"line":12,"column":1}}]},"4":{"type":"branch","line":8,"loc":{"start":{"line":8,"column":18},"end":{"line":8,"column":32}},"locations":[{"start":{"line":8,"column":18},"end":{"line":8,"column":32}}]},"5":{"type":"branch","line":8,"loc":{"start":{"line":8,"column":34},"end":{"line":8,"column":52}},"locations":[{"start":{"line":8,"column":34},"end":{"line":8,"column":52}}]},"6":{"type":"branch","line":9,"loc":{"start":{"line":9,"column":-1},"end":{"line":9,"column":19}},"locations":[{"start":{"line":9,"column":-1},"end":{"line":9,"column":19}}]},"7":{"type":"branch","line":9,"loc":{"start":{"line":9,"column":19},"end":{"line":9,"column":33}},"locations":[{"start":{"line":9,"column":19},"end":{"line":9,"column":33}}]},"8":{"type":"branch","line":10,"loc":{"start":{"line":10,"column":-1},"end":{"line":10,"column":19}},"locations":[{"start":{"line":10,"column":-1},"end":{"line":10,"column":19}}]},"9":{"type":"branch","line":10,"loc":{"start":{"line":10,"column":19},"end":{"line":12,"column":1}},"locations":[{"start":{"line":10,"column":19},"end":{"line":12,"column":1}}]}},"b":{"0":[3],"1":[1],"2":[2],"3":[4],"4":[2],"5":[1],"6":[3],"7":[1],"8":[2],"9":[1]},"fnMap":{"0":{"name":"max","decl":{"start":{"line":2,"column":7},"end":{"line":4,"column":1}},"loc":{"start":{"line":2,"column":7},"end":{"line":4,"column":1}},"line":2},"1":{"name":"fizzBuzz","decl":{"start":{"line":7,"column":7},"end":{"line":12,"column":1}},"loc":{"start":{"line":7,"column":7},"end":{"line":12,"column":1}},"line":7}},"f":{"0":3,"1":4}}
,"/Users/arsimsejdiu/Documents/React Projects/React automation  testing/javascript-testing/src/mocking.js": {"path":"/Users/arsimsejdiu/Documents/React Projects/React automation  testing/javascript-testing/src/mocking.js","all":true,"statementMap":{"0":{"start":{"line":1,"column":0},"end":{"line":1,"column":49}},"1":{"start":{"line":2,"column":0},"end":{"line":2,"column":50}},"2":{"start":{"line":3,"column":0},"end":{"line":3,"column":55}},"3":{"start":{"line":4,"column":0},"end":{"line":4,"column":40}},"4":{"start":{"line":5,"column":0},"end":{"line":5,"column":39}},"5":{"start":{"line":6,"column":0},"end":{"line":6,"column":51}},"6":{"start":{"line":7,"column":0},"end":{"line":7,"column":0}},"7":{"start":{"line":8,"column":0},"end":{"line":8,"column":26}},"8":{"start":{"line":9,"column":0},"end":{"line":9,"column":53}},"9":{"start":{"line":10,"column":0},"end":{"line":10,"column":48}},"10":{"start":{"line":11,"column":0},"end":{"line":11,"column":22}},"11":{"start":{"line":12,"column":0},"end":{"line":12,"column":1}},"12":{"start":{"line":13,"column":0},"end":{"line":13,"column":0}},"13":{"start":{"line":14,"column":0},"end":{"line":14,"column":11}},"14":{"start":{"line":15,"column":0},"end":{"line":15,"column":46}},"15":{"start":{"line":16,"column":0},"end":{"line":16,"column":46}},"16":{"start":{"line":17,"column":0},"end":{"line":17,"column":44}},"17":{"start":{"line":18,"column":0},"end":{"line":18,"column":71}},"18":{"start":{"line":19,"column":0},"end":{"line":19,"column":1}},"19":{"start":{"line":20,"column":0},"end":{"line":20,"column":0}},"20":{"start":{"line":21,"column":0},"end":{"line":21,"column":30}},"21":{"start":{"line":22,"column":0},"end":{"line":22,"column":36}},"22":{"start":{"line":23,"column":0},"end":{"line":23,"column":25}},"23":{"start":{"line":24,"column":0},"end":{"line":24,"column":0}},"24":{"start":{"line":25,"column":0},"end":{"line":25,"column":30}},"25":{"start":{"line":26,"column":0},"end":{"line":26,"column":1}},"26":{"start":{"line":27,"column":0},"end":{"line":27,"column":0}},"27":{"start":{"line":28,"column":0},"end":{"line":28,"column":11}},"28":{"start":{"line":29,"column":0},"end":{"line":29,"column":54}},"29":{"start":{"line":30,"column":0},"end":{"line":30,"column":68}},"30":{"start":{"line":31,"column":0},"end":{"line":31,"column":0}},"31":{"start":{"line":32,"column":0},"end":{"line":32,"column":40}},"32":{"start":{"line":33,"column":0},"end":{"line":33,"column":54}},"33":{"start":{"line":34,"column":0},"end":{"line":34,"column":0}},"34":{"start":{"line":35,"column":0},"end":{"line":35,"column":27}},"35":{"start":{"line":36,"column":0},"end":{"line":36,"column":1}},"36":{"start":{"line":37,"column":0},"end":{"line":37,"column":0}},"37":{"start":{"line":38,"column":0},"end":{"line":38,"column":26}},"38":{"start":{"line":39,"column":0},"end":{"line":39,"column":37}},"39":{"start":{"line":40,"column":0},"end":{"line":40,"column":41}},"40":{"start":{"line":41,"column":0},"end":{"line":41,"column":0}},"41":{"start":{"line":42,"column":0},"end":{"line":42,"column":44}},"42":{"start":{"line":43,"column":0},"end":{"line":43,"column":0}},"43":{"start":{"line":44,"column":0},"end":{"line":44,"column":14}},"44":{"start":{"line":45,"column":0},"end":{"line":45,"column":1}},"45":{"start":{"line":46,"column":0},"end":{"line":46,"column":0}},"46":{"start":{"line":47,"column":0},"end":{"line":47,"column":30}},"47":{"start":{"line":48,"column":0},"end":{"line":48,"column":36}},"48":{"start":{"line":49,"column":0},"end":{"line":49,"column":39}},"49":{"start":{"line":50,"column":0},"end":{"line":50,"column":0}},"50":{"start":{"line":51,"column":0},"end":{"line":51,"column":42}},"51":{"start":{"line":52,"column":0},"end":{"line":52,"column":1}},"52":{"start":{"line":53,"column":0},"end":{"line":53,"column":0}},"53":{"start":{"line":54,"column":0},"end":{"line":54,"column":24}},"54":{"start":{"line":55,"column":0},"end":{"line":55,"column":28}},"55":{"start":{"line":56,"column":0},"end":{"line":56,"column":33}},"56":{"start":{"line":57,"column":0},"end":{"line":57,"column":39}},"57":{"start":{"line":58,"column":0},"end":{"line":58,"column":44}},"58":{"start":{"line":59,"column":0},"end":{"line":59,"column":0}},"59":{"start":{"line":60,"column":0},"end":{"line":60,"column":53}},"60":{"start":{"line":61,"column":0},"end":{"line":61,"column":1}},"61":{"start":{"line":62,"column":0},"end":{"line":62,"column":0}},"62":{"start":{"line":63,"column":0},"end":{"line":63,"column":11}},"63":{"start":{"line":64,"column":0},"end":{"line":64,"column":31}},"64":{"start":{"line":65,"column":0},"end":{"line":65,"column":27}},"65":{"start":{"line":66,"column":0},"end":{"line":66,"column":75}},"66":{"start":{"line":67,"column":0},"end":{"line":67,"column":34}},"67":{"start":{"line":68,"column":0},"end":{"line":68,"column":1}}},"s":{"0":0,"1":0,"2":0,"3":0,"4":0,"5":0,"6":0,"7":0,"8":0,"9":0,"10":0,"11":0,"12":0,"13":0,"14":0,"15":0,"16":0,"17":0,"18":0,"19":0,"20":0,"21":0,"22":0,"23":0,"24":0,"25":0,"26":0,"27":0,"28":0,"29":0,"30":0,"31":0,"32":0,"33":0,"34":0,"35":0,"36":0,"37":0,"38":0,"39":0,"40":0,"41":0,"42":0,"43":0,"44":0,"45":0,"46":0,"47":0,"48":0,"49":0,"50":0,"51":0,"52":0,"53":0,"54":0,"55":0,"56":0,"57":0,"58":0,"59":0,"60":0,"61":0,"62":0,"63":0,"64":0,"65":0,"66":0,"67":0},"branchMap":{"0":{"type":"branch","line":1,"loc":{"start":{"line":1,"column":0},"end":{"line":68,"column":-892}},"locations":[{"start":{"line":1,"column":0},"end":{"line":68,"column":-892}}]}},"b":{"0":[0]},"fnMap":{"0":{"name":"(empty-report)","decl":{"start":{"line":1,"column":0},"end":{"line":68,"column":-892}},"loc":{"start":{"line":1,"column":0},"end":{"line":68,"column":-892}},"line":1}},"f":{"0":0}}
,"/Users/arsimsejdiu/Documents/React Projects/React automation  testing/javascript-testing/src/libs/analytics.js": {"path":"/Users/arsimsejdiu/Documents/React Projects/React automation  testing/javascript-testing/src/libs/analytics.js","all":true,"statementMap":{"0":{"start":{"line":1,"column":0},"end":{"line":1,"column":26}},"1":{"start":{"line":2,"column":0},"end":{"line":2,"column":0}},"2":{"start":{"line":3,"column":0},"end":{"line":3,"column":47}},"3":{"start":{"line":4,"column":0},"end":{"line":4,"column":38}},"4":{"start":{"line":5,"column":0},"end":{"line":5,"column":35}},"5":{"start":{"line":6,"column":0},"end":{"line":6,"column":20}},"6":{"start":{"line":7,"column":0},"end":{"line":7,"column":1}}},"s":{"0":0,"1":0,"2":0,"3":0,"4":0,"5":0,"6":0},"branchMap":{"0":{"type":"branch","line":1,"loc":{"start":{"line":1,"column":0},"end":{"line":7,"column":-62}},"locations":[{"start":{"line":1,"column":0},"end":{"line":7,"column":-62}}]}},"b":{"0":[0]},"fnMap":{"0":{"name":"(empty-report)","decl":{"start":{"line":1,"column":0},"end":{"line":7,"column":-62}},"loc":{"start":{"line":1,"column":0},"end":{"line":7,"column":-62}},"line":1}},"f":{"0":0}}
,"/Users/arsimsejdiu/Documents/React Projects/React automation  testing/javascript-testing/src/libs/currency.js": {"path":"/Users/arsimsejdiu/Documents/React Projects/React automation  testing/javascript-testing/src/libs/currency.js","all":true,"statementMap":{"0":{"start":{"line":1,"column":0},"end":{"line":1,"column":46}},"1":{"start":{"line":2,"column":0},"end":{"line":2,"column":60}},"2":{"start":{"line":3,"column":0},"end":{"line":3,"column":23}},"3":{"start":{"line":4,"column":0},"end":{"line":4,"column":2}}},"s":{"0":0,"1":0,"2":0,"3":0},"branchMap":{"0":{"type":"branch","line":1,"loc":{"start":{"line":1,"column":134},"end":{"line":4,"column":2}},"locations":[{"start":{"line":1,"column":134},"end":{"line":4,"column":2}}]}},"b":{"0":[0]},"fnMap":{"0":{"name":"(empty-report)","decl":{"start":{"line":1,"column":134},"end":{"line":4,"column":2}},"loc":{"start":{"line":1,"column":134},"end":{"line":4,"column":2}},"line":1}},"f":{"0":0}}
,"/Users/arsimsejdiu/Documents/React Projects/React automation  testing/javascript-testing/src/libs/email.js": {"path":"/Users/arsimsejdiu/Documents/React Projects/React automation  testing/javascript-testing/src/libs/email.js","all":true,"statementMap":{"0":{"start":{"line":1,"column":0},"end":{"line":1,"column":26}},"1":{"start":{"line":2,"column":0},"end":{"line":2,"column":0}},"2":{"start":{"line":3,"column":0},"end":{"line":3,"column":37}},"3":{"start":{"line":4,"column":0},"end":{"line":4,"column":74}},"4":{"start":{"line":5,"column":0},"end":{"line":5,"column":0}},"5":{"start":{"line":6,"column":0},"end":{"line":6,"column":34}},"6":{"start":{"line":7,"column":0},"end":{"line":7,"column":1}},"7":{"start":{"line":8,"column":0},"end":{"line":8,"column":0}},"8":{"start":{"line":9,"column":0},"end":{"line":9,"column":46}},"9":{"start":{"line":10,"column":0},"end":{"line":10,"column":43}},"10":{"start":{"line":11,"column":0},"end":{"line":11,"column":37}},"11":{"start":{"line":12,"column":0},"end":{"line":12,"column":20}},"12":{"start":{"line":13,"column":0},"end":{"line":13,"column":1}}},"s":{"0":0,"1":0,"2":0,"3":0,"4":0,"5":0,"6":0,"7":0,"8":0,"9":0,"10":0,"11":0,"12":0},"branchMap":{"0":{"type":"branch","line":1,"loc":{"start":{"line":1,"column":331},"end":{"line":13,"column":1}},"locations":[{"start":{"line":1,"column":331},"end":{"line":13,"column":1}}]}},"b":{"0":[0]},"fnMap":{"0":{"name":"(empty-report)","decl":{"start":{"line":1,"column":331},"end":{"line":13,"column":1}},"loc":{"start":{"line":1,"column":331},"end":{"line":13,"column":1}},"line":1}},"f":{"0":0}}
,"/Users/arsimsejdiu/Documents/React Projects/React automation  testing/javascript-testing/src/libs/payment.js": {"path":"/Users/arsimsejdiu/Documents/React Projects/React automation  testing/javascript-testing/src/libs/payment.js","all":true,"statementMap":{"0":{"start":{"line":1,"column":0},"end":{"line":1,"column":26}},"1":{"start":{"line":2,"column":0},"end":{"line":2,"column":0}},"2":{"start":{"line":3,"column":0},"end":{"line":3,"column":54}},"3":{"start":{"line":4,"column":0},"end":{"line":4,"column":74}},"4":{"start":{"line":5,"column":0},"end":{"line":5,"column":35}},"5":{"start":{"line":6,"column":0},"end":{"line":6,"column":20}},"6":{"start":{"line":7,"column":0},"end":{"line":7,"column":31}},"7":{"start":{"line":8,"column":0},"end":{"line":8,"column":1}}},"s":{"0":0,"1":0,"2":0,"3":0,"4":0,"5":0,"6":0,"7":0},"branchMap":{"0":{"type":"branch","line":1,"loc":{"start":{"line":1,"column":0},"end":{"line":8,"column":-58}},"locations":[{"start":{"line":1,"column":0},"end":{"line":8,"column":-58}}]}},"b":{"0":[0]},"fnMap":{"0":{"name":"(empty-report)","decl":{"start":{"line":1,"column":0},"end":{"line":8,"column":-58}},"loc":{"start":{"line":1,"column":0},"end":{"line":8,"column":-58}},"line":1}},"f":{"0":0}}
,"/Users/arsimsejdiu/Documents/React Projects/React automation  testing/javascript-testing/src/libs/security.js": {"path":"/Users/arsimsejdiu/Documents/React Projects/React automation  testing/javascript-testing/src/libs/security.js","all":true,"statementMap":{"0":{"start":{"line":1,"column":0},"end":{"line":1,"column":32}},"1":{"start":{"line":2,"column":0},"end":{"line":2,"column":68}},"2":{"start":{"line":3,"column":0},"end":{"line":3,"column":1}},"3":{"start":{"line":4,"column":0},"end":{"line":4,"column":0}},"4":{"start":{"line":5,"column":0},"end":{"line":5,"column":16}},"5":{"start":{"line":6,"column":0},"end":{"line":6,"column":15}},"6":{"start":{"line":7,"column":0},"end":{"line":7,"column":2}}},"s":{"0":0,"1":0,"2":0,"3":0,"4":0,"5":0,"6":0},"branchMap":{"0":{"type":"branch","line":1,"loc":{"start":{"line":1,"column":140},"end":{"line":7,"column":2}},"locations":[{"start":{"line":1,"column":140},"end":{"line":7,"column":2}}]}},"b":{"0":[0]},"fnMap":{"0":{"name":"(empty-report)","decl":{"start":{"line":1,"column":140},"end":{"line":7,"column":2}},"loc":{"start":{"line":1,"column":140},"end":{"line":7,"column":2}},"line":1}},"f":{"0":0}}
,"/Users/arsimsejdiu/Documents/React Projects/React automation  testing/javascript-testing/src/libs/shipping.js": {"path":"/Users/arsimsejdiu/Documents/React Projects/React automation  testing/javascript-testing/src/libs/shipping.js","all":true,"statementMap":{"0":{"start":{"line":1,"column":0},"end":{"line":1,"column":47}},"1":{"start":{"line":2,"column":0},"end":{"line":2,"column":64}},"2":{"start":{"line":3,"column":0},"end":{"line":3,"column":56}},"3":{"start":{"line":4,"column":0},"end":{"line":4,"column":1}}},"s":{"0":0,"1":0,"2":0,"3":0},"branchMap":{"0":{"type":"branch","line":1,"loc":{"start":{"line":1,"column":171},"end":{"line":4,"column":1}},"locations":[{"start":{"line":1,"column":171},"end":{"line":4,"column":1}}]}},"b":{"0":[0]},"fnMap":{"0":{"name":"(empty-report)","decl":{"start":{"line":1,"column":171},"end":{"line":4,"column":1}},"loc":{"start":{"line":1,"column":171},"end":{"line":4,"column":1}},"line":1}},"f":{"0":0}}
}
